0 info it worked if it ends with ok
1 verbose cli [ '/Users/daphnedanneels/.nvm/versions/node/v6.7.0/bin/node',
1 verbose cli   '/Users/daphnedanneels/.nvm/versions/node/v6.7.0/bin/npm',
1 verbose cli   'run',
1 verbose cli   'development' ]
2 info using npm@3.10.3
3 info using node@v6.7.0
4 verbose run-script [ 'predevelopment', 'development', 'postdevelopment' ]
5 info lifecycle RWD@0.1.0~predevelopment: RWD@0.1.0
6 silly lifecycle RWD@0.1.0~predevelopment: no script for predevelopment, continuing
7 info lifecycle RWD@0.1.0~development: RWD@0.1.0
8 verbose lifecycle RWD@0.1.0~development: unsafe-perm in lifecycle true
9 verbose lifecycle RWD@0.1.0~development: PATH: /Users/daphnedanneels/.nvm/versions/node/v6.7.0/lib/node_modules/npm/bin/node-gyp-bin:/Users/daphnedanneels/Desktop/pagepiling2/node_modules/.bin:/Users/daphnedanneels/.nvm/versions/node/v6.7.0/bin:/Users/daphnedanneels/.nvm/versions/node/v6.7.0/bin:/usr/local/bin:/usr/bin:/bin:/usr/sbin:/sbin:/usr/local/git/bin:/Users/daphnedanneels/Library/Android/sdk/tools:/Users/daphnedanneels/Library/Android/sdk/platform-tools
10 verbose lifecycle RWD@0.1.0~development: CWD: /Users/daphnedanneels/Desktop/pagepiling2
11 silly lifecycle RWD@0.1.0~development: Args: [ '-c', 'webpack --watch' ]
12 silly lifecycle RWD@0.1.0~development: Returned: code: 1  signal: null
13 info lifecycle RWD@0.1.0~development: Failed to exec development script
14 verbose stack Error: RWD@0.1.0 development: `webpack --watch`
14 verbose stack Exit status 1
14 verbose stack     at EventEmitter.<anonymous> (/Users/daphnedanneels/.nvm/versions/node/v6.7.0/lib/node_modules/npm/lib/utils/lifecycle.js:242:16)
14 verbose stack     at emitTwo (events.js:106:13)
14 verbose stack     at EventEmitter.emit (events.js:191:7)
14 verbose stack     at ChildProcess.<anonymous> (/Users/daphnedanneels/.nvm/versions/node/v6.7.0/lib/node_modules/npm/lib/utils/spawn.js:40:14)
14 verbose stack     at emitTwo (events.js:106:13)
14 verbose stack     at ChildProcess.emit (events.js:191:7)
14 verbose stack     at maybeClose (internal/child_process.js:877:16)
14 verbose stack     at Process.ChildProcess._handle.onexit (internal/child_process.js:226:5)
15 verbose pkgid RWD@0.1.0
16 verbose cwd /Users/daphnedanneels/Desktop/pagepiling2
17 error Darwin 15.6.0
18 error argv "/Users/daphnedanneels/.nvm/versions/node/v6.7.0/bin/node" "/Users/daphnedanneels/.nvm/versions/node/v6.7.0/bin/npm" "run" "development"
19 error node v6.7.0
20 error npm  v3.10.3
21 error code ELIFECYCLE
22 error RWD@0.1.0 development: `webpack --watch`
22 error Exit status 1
23 error Failed at the RWD@0.1.0 development script 'webpack --watch'.
23 error Make sure you have the latest version of node.js and npm installed.
23 error If you do, this is most likely a problem with the RWD package,
23 error not with npm itself.
23 error Tell the author that this fails on your system:
23 error     webpack --watch
23 error You can get information on how to open an issue for this project with:
23 error     npm bugs RWD
23 error Or if that isn't available, you can get their info via:
23 error     npm owner ls RWD
23 error There is likely additional logging output above.
24 verbose exit [ 1, true ]
